app/build/intermediates/manifest_merge_blame_file/debug/manifest-merger-blame-debug-report.txt
1<?xml version="1.0" encoding="utf-8"?>
2<manifest xmlns:android="http://schemas.android.com/apk/res/android"
3    package="com.dignalott"
4    android:versionCode="1"
5    android:versionName="1.0" >
6
7    <uses-sdk
8        android:minSdkVersion="21"
8-->src/main/AndroidManifest.xml
9        android:targetSdkVersion="34" />
9-->src/main/AndroidManifest.xml
10
11    <supports-screens
11-->src/main/AndroidManifest.xml:5:5-11:36
12        android:anyDensity="true"
12-->src/main/AndroidManifest.xml:11:9-34
13        android:largeScreens="true"
13-->src/main/AndroidManifest.xml:8:9-36
14        android:normalScreens="true"
14-->src/main/AndroidManifest.xml:10:9-37
15        android:resizeable="true"
15-->src/main/AndroidManifest.xml:6:9-34
16        android:smallScreens="true"
16-->src/main/AndroidManifest.xml:7:9-36
17        android:xlargeScreens="true" />
17-->src/main/AndroidManifest.xml:9:9-37
18
19    <uses-permission android:name="android.permission.REORDER_TASKS" />
19-->[androidx.test:core:1.5.0] AndroidManifest.xml:24:5-72
19-->[androidx.test:core:1.5.0] AndroidManifest.xml:24:22-69
20
21    <permission
21-->[androidx.core:core:1.12.0] AndroidManifest.xml:22:5-24:47
22        android:name="com.dignalott.DYNAMIC_RECEIVER_NOT_EXPORTED_PERMISSION"
22-->[androidx.core:core:1.12.0] AndroidManifest.xml:23:9-81
23        android:protectionLevel="signature" />
23-->[androidx.core:core:1.12.0] AndroidManifest.xml:24:9-44
24
25    <uses-permission android:name="com.dignalott.DYNAMIC_RECEIVER_NOT_EXPORTED_PERMISSION" />
25-->[androidx.core:core:1.12.0] AndroidManifest.xml:26:5-97
25-->[androidx.core:core:1.12.0] AndroidManifest.xml:26:22-94
26
27    <application
27-->src/main/AndroidManifest.xml:12:5-33:19
28        android:name="com.dignalott.MovieApplication"
28-->src/main/AndroidManifest.xml:13:9-41
29        android:allowBackup="true"
29-->src/main/AndroidManifest.xml:14:9-35
30        android:appComponentFactory="androidx.core.app.CoreComponentFactory"
30-->[androidx.core:core:1.12.0] AndroidManifest.xml:28:18-86
31        android:dataExtractionRules="@xml/data_extraction_rules"
31-->src/main/AndroidManifest.xml:15:9-65
32        android:debuggable="true"
33        android:fullBackupContent="@xml/backup_rules"
33-->src/main/AndroidManifest.xml:16:9-54
34        android:icon="@mipmap/ic_diagnal_logo"
34-->src/main/AndroidManifest.xml:17:9-47
35        android:label="@string/app_name"
35-->src/main/AndroidManifest.xml:18:9-41
36        android:roundIcon="@mipmap/ic_diagnal_logo_round"
36-->src/main/AndroidManifest.xml:19:9-58
37        android:supportsRtl="true"
37-->src/main/AndroidManifest.xml:20:9-35
38        android:testOnly="true"
39        android:theme="@style/SplashScreen" >
39-->src/main/AndroidManifest.xml:21:9-44
40        <activity
40-->src/main/AndroidManifest.xml:23:9-32:20
41            android:name="com.dignalott.MovieActivity"
41-->src/main/AndroidManifest.xml:24:13-42
42            android:exported="true" >
42-->src/main/AndroidManifest.xml:25:13-36
43            <meta-data
43-->src/main/AndroidManifest.xml:26:13-27:54
44                android:name="android.app.searchable"
44-->src/main/AndroidManifest.xml:26:24-61
45                android:resource="@xml/searchable" />
45-->src/main/AndroidManifest.xml:27:17-51
46
47            <intent-filter>
47-->src/main/AndroidManifest.xml:28:13-31:29
48                <action android:name="android.intent.action.MAIN" />
48-->src/main/AndroidManifest.xml:29:17-69
48-->src/main/AndroidManifest.xml:29:25-66
49
50                <category android:name="android.intent.category.LAUNCHER" />
50-->src/main/AndroidManifest.xml:30:17-77
50-->src/main/AndroidManifest.xml:30:27-74
51            </intent-filter>
52        </activity>
53        <activity
53-->[androidx.test:core:1.5.0] AndroidManifest.xml:27:9-34:20
54            android:name="androidx.test.core.app.InstrumentationActivityInvoker$BootstrapActivity"
54-->[androidx.test:core:1.5.0] AndroidManifest.xml:28:13-99
55            android:exported="true"
55-->[androidx.test:core:1.5.0] AndroidManifest.xml:29:13-36
56            android:theme="@style/WhiteBackgroundTheme" >
56-->[androidx.test:core:1.5.0] AndroidManifest.xml:30:13-56
57            <intent-filter android:priority="-100" >
57-->[androidx.test:core:1.5.0] AndroidManifest.xml:31:13-33:29
57-->[androidx.test:core:1.5.0] AndroidManifest.xml:31:28-51
58                <category android:name="android.intent.category.LAUNCHER" />
58-->src/main/AndroidManifest.xml:30:17-77
58-->src/main/AndroidManifest.xml:30:27-74
59            </intent-filter>
60        </activity>
61        <activity
61-->[androidx.test:core:1.5.0] AndroidManifest.xml:35:9-42:20
62            android:name="androidx.test.core.app.InstrumentationActivityInvoker$EmptyActivity"
62-->[androidx.test:core:1.5.0] AndroidManifest.xml:36:13-95
63            android:exported="true"
63-->[androidx.test:core:1.5.0] AndroidManifest.xml:37:13-36
64            android:theme="@style/WhiteBackgroundTheme" >
64-->[androidx.test:core:1.5.0] AndroidManifest.xml:38:13-56
65            <intent-filter android:priority="-100" >
65-->[androidx.test:core:1.5.0] AndroidManifest.xml:31:13-33:29
65-->[androidx.test:core:1.5.0] AndroidManifest.xml:31:28-51
66                <category android:name="android.intent.category.LAUNCHER" />
66-->src/main/AndroidManifest.xml:30:17-77
66-->src/main/AndroidManifest.xml:30:27-74
67            </intent-filter>
68        </activity>
69        <activity
69-->[androidx.test:core:1.5.0] AndroidManifest.xml:43:9-50:20
70            android:name="androidx.test.core.app.InstrumentationActivityInvoker$EmptyFloatingActivity"
70-->[androidx.test:core:1.5.0] AndroidManifest.xml:44:13-103
71            android:exported="true"
71-->[androidx.test:core:1.5.0] AndroidManifest.xml:45:13-36
72            android:theme="@style/WhiteBackgroundDialogTheme" >
72-->[androidx.test:core:1.5.0] AndroidManifest.xml:46:13-62
73            <intent-filter android:priority="-100" >
73-->[androidx.test:core:1.5.0] AndroidManifest.xml:31:13-33:29
73-->[androidx.test:core:1.5.0] AndroidManifest.xml:31:28-51
74                <category android:name="android.intent.category.LAUNCHER" />
74-->src/main/AndroidManifest.xml:30:17-77
74-->src/main/AndroidManifest.xml:30:27-74
75            </intent-filter>
76        </activity>
77
78        <provider
78-->[androidx.emoji2:emoji2:1.2.0] AndroidManifest.xml:24:9-32:20
79            android:name="androidx.startup.InitializationProvider"
79-->[androidx.emoji2:emoji2:1.2.0] AndroidManifest.xml:25:13-67
80            android:authorities="com.dignalott.androidx-startup"
80-->[androidx.emoji2:emoji2:1.2.0] AndroidManifest.xml:26:13-68
81            android:exported="false" >
81-->[androidx.emoji2:emoji2:1.2.0] AndroidManifest.xml:27:13-37
82            <meta-data
82-->[androidx.emoji2:emoji2:1.2.0] AndroidManifest.xml:29:13-31:52
83                android:name="androidx.emoji2.text.EmojiCompatInitializer"
83-->[androidx.emoji2:emoji2:1.2.0] AndroidManifest.xml:30:17-75
84                android:value="androidx.startup" />
84-->[androidx.emoji2:emoji2:1.2.0] AndroidManifest.xml:31:17-49
85            <meta-data
85-->[androidx.lifecycle:lifecycle-process:2.7.0] AndroidManifest.xml:29:13-31:52
86                android:name="androidx.lifecycle.ProcessLifecycleInitializer"
86-->[androidx.lifecycle:lifecycle-process:2.7.0] AndroidManifest.xml:30:17-78
87                android:value="androidx.startup" />
87-->[androidx.lifecycle:lifecycle-process:2.7.0] AndroidManifest.xml:31:17-49
88            <meta-data
88-->[androidx.profileinstaller:profileinstaller:1.3.0] AndroidManifest.xml:29:13-31:52
89                android:name="androidx.profileinstaller.ProfileInstallerInitializer"
89-->[androidx.profileinstaller:profileinstaller:1.3.0] AndroidManifest.xml:30:17-85
90                android:value="androidx.startup" />
90-->[androidx.profileinstaller:profileinstaller:1.3.0] AndroidManifest.xml:31:17-49
91        </provider>
92
93        <receiver
93-->[androidx.profileinstaller:profileinstaller:1.3.0] AndroidManifest.xml:34:9-52:20
94            android:name="androidx.profileinstaller.ProfileInstallReceiver"
94-->[androidx.profileinstaller:profileinstaller:1.3.0] AndroidManifest.xml:35:13-76
95            android:directBootAware="false"
95-->[androidx.profileinstaller:profileinstaller:1.3.0] AndroidManifest.xml:36:13-44
96            android:enabled="true"
96-->[androidx.profileinstaller:profileinstaller:1.3.0] AndroidManifest.xml:37:13-35
97            android:exported="true"
97-->[androidx.profileinstaller:profileinstaller:1.3.0] AndroidManifest.xml:38:13-36
98            android:permission="android.permission.DUMP" >
98-->[androidx.profileinstaller:profileinstaller:1.3.0] AndroidManifest.xml:39:13-57
99            <intent-filter>
99-->[androidx.profileinstaller:profileinstaller:1.3.0] AndroidManifest.xml:40:13-42:29
100                <action android:name="androidx.profileinstaller.action.INSTALL_PROFILE" />
100-->[androidx.profileinstaller:profileinstaller:1.3.0] AndroidManifest.xml:41:17-91
100-->[androidx.profileinstaller:profileinstaller:1.3.0] AndroidManifest.xml:41:25-88
101            </intent-filter>
102            <intent-filter>
102-->[androidx.profileinstaller:profileinstaller:1.3.0] AndroidManifest.xml:43:13-45:29
103                <action android:name="androidx.profileinstaller.action.SKIP_FILE" />
103-->[androidx.profileinstaller:profileinstaller:1.3.0] AndroidManifest.xml:44:17-85
103-->[androidx.profileinstaller:profileinstaller:1.3.0] AndroidManifest.xml:44:25-82
104            </intent-filter>
105            <intent-filter>
105-->[androidx.profileinstaller:profileinstaller:1.3.0] AndroidManifest.xml:46:13-48:29
106                <action android:name="androidx.profileinstaller.action.SAVE_PROFILE" />
106-->[androidx.profileinstaller:profileinstaller:1.3.0] AndroidManifest.xml:47:17-88
106-->[androidx.profileinstaller:profileinstaller:1.3.0] AndroidManifest.xml:47:25-85
107            </intent-filter>
108            <intent-filter>
108-->[androidx.profileinstaller:profileinstaller:1.3.0] AndroidManifest.xml:49:13-51:29
109                <action android:name="androidx.profileinstaller.action.BENCHMARK_OPERATION" />
109-->[androidx.profileinstaller:profileinstaller:1.3.0] AndroidManifest.xml:50:17-95
109-->[androidx.profileinstaller:profileinstaller:1.3.0] AndroidManifest.xml:50:25-92
110            </intent-filter>
111        </receiver>
112    </application>
113
114</manifest>